[08:25:11] [main/INFO] (FabricLoader/GameProvider) Loading Minecraft 1.19 with Fabric Loader 0.14.9
[08:25:11] [ForkJoinPool-1-worker-2/WARN] (FabricLoader/Metadata) Mod celestial uses the version ${version} which isn't compatible with Loader's extended semantic version format (Could not parse version number component '${version}'!), SemVer is recommended for reliably evaluating dependencies and prioritizing newer version
[08:25:11] [main/INFO] (FabricLoader) Loading 5 mods:
	- celestial 1.0
	- fabricloader 0.14.9
	- generated_d93f6a3 1.0.0
	- java 17
	- minecraft 1.19
[08:25:11] [main/INFO] (FabricLoader/Mixin) SpongePowered MIXIN Subsystem Version=0.8.5 Source=file:/C:/Users/fisha/.gradle/caches/modules-2/files-2.1/net.fabricmc/sponge-mixin/0.11.4+mixin.0.8.5/c1dc27696aa4006e492c2485c9ccbcb26045a971/sponge-mixin-0.11.4+mixin.0.8.5.jar Service=Knot/Fabric Env=CLIENT
[08:25:11] [main/INFO] (FabricLoader/Mixin) Loaded Fabric development mappings for mixin remapper!
[08:25:11] [main/INFO] (FabricLoader/Mixin) Compatibility level set to JAVA_17
[08:25:12] [main/WARN] (FileUtil) Configuration conflict: there is more than one oshi.properties file on the classpath
[08:25:12] [main/WARN] (FileUtil) Configuration conflict: there is more than one oshi.architecture.properties file on the classpath
[08:25:16] [main/INFO] (Minecraft) Building optimized datafixer
[08:25:36] [Render thread/INFO] (Minecraft) Environment: authHost='https://authserver.mojang.com', accountsHost='https://api.mojang.com', sessionHost='https://sessionserver.mojang.com', servicesHost='https://api.minecraftservices.com', name='PROD'
[08:25:39] [Render thread/ERROR] (Minecraft) Failed to verify authentication
com.mojang.authlib.exceptions.InvalidCredentialsException: Status: 401
	at com.mojang.authlib.exceptions.MinecraftClientHttpException.toAuthenticationException(MinecraftClientHttpException.java:56) ~[authlib-3.5.41.jar:?]
	at com.mojang.authlib.yggdrasil.YggdrasilUserApiService.fetchProperties(YggdrasilUserApiService.java:140) ~[authlib-3.5.41.jar:?]
	at com.mojang.authlib.yggdrasil.YggdrasilUserApiService.<init>(YggdrasilUserApiService.java:47) ~[authlib-3.5.41.jar:?]
	at com.mojang.authlib.yggdrasil.YggdrasilAuthenticationService.createUserApiService(YggdrasilAuthenticationService.java:158) ~[authlib-3.5.41.jar:?]
	at net.minecraft.client.Minecraft.createUserApiService(Minecraft.java:677) [minecraft-merged-named.jar:?]
	at net.minecraft.client.Minecraft.<init>(Minecraft.java:415) [minecraft-merged-named.jar:?]
	at net.minecraft.client.main.Main.main(Main.java:198) [minecraft-merged-named.jar:?]
	at net.fabricmc.loader.impl.game.minecraft.MinecraftGameProvider.launch(MinecraftGameProvider.java:461) [fabric-loader-0.14.9.jar:?]
	at net.fabricmc.loader.impl.launch.knot.Knot.launch(Knot.java:74) [fabric-loader-0.14.9.jar:?]
	at net.fabricmc.loader.impl.launch.knot.KnotClient.main(KnotClient.java:23) [fabric-loader-0.14.9.jar:?]
	at net.fabricmc.devlaunchinjector.Main.main(Main.java:86) [dev-launch-injector-0.2.1+build.8.jar:?]
	at dev.architectury.transformer.TransformerRuntime.main(TransformerRuntime.java:217) [architectury-transformer-5.2.67-runtime.jar:5.2.67]
Caused by: com.mojang.authlib.exceptions.MinecraftClientHttpException: Status: 401
	at com.mojang.authlib.minecraft.client.MinecraftClient.readInputStream(MinecraftClient.java:85) ~[authlib-3.5.41.jar:?]
	at com.mojang.authlib.minecraft.client.MinecraftClient.get(MinecraftClient.java:48) ~[authlib-3.5.41.jar:?]
	at com.mojang.authlib.yggdrasil.YggdrasilUserApiService.fetchProperties(YggdrasilUserApiService.java:121) ~[authlib-3.5.41.jar:?]
	... 10 more
[08:25:39] [Render thread/INFO] (Minecraft) Setting user: Player197
[08:25:40] [Render thread/INFO] (Minecraft) Backend library: LWJGL version 3.3.1 SNAPSHOT
[08:25:50] [Render thread/INFO] (Minecraft) Narrator library for x64 successfully loaded
[08:25:50] [Worker-Bootstrap-4/INFO] (Minecraft) 4256 Datafixer optimizations took 34477 milliseconds
[08:25:50] [Worker-Main-20/ERROR] (Minecraft) Failed to retrieve profile key pair
java.io.IOException: Could not retrieve profile key pair
	at net.minecraft.client.multiplayer.ProfileKeyPairManager.fetchProfileKeyPair(ProfileKeyPairManager.java:112) ~[minecraft-merged-named.jar:?]
	at net.minecraft.client.multiplayer.ProfileKeyPairManager.method_44291(ProfileKeyPairManager.java:56) ~[minecraft-merged-named.jar:?]
	at java.util.concurrent.CompletableFuture$AsyncSupply.run(CompletableFuture.java:1768) [?:?]
	at java.util.concurrent.CompletableFuture$AsyncSupply.exec(CompletableFuture.java:1760) [?:?]
	at java.util.concurrent.ForkJoinTask.doExec(ForkJoinTask.java:373) [?:?]
	at java.util.concurrent.ForkJoinPool$WorkQueue.topLevelExec(ForkJoinPool.java:1182) [?:?]
	at java.util.concurrent.ForkJoinPool.scan(ForkJoinPool.java:1655) [?:?]
	at java.util.concurrent.ForkJoinPool.runWorker(ForkJoinPool.java:1622) [?:?]
	at java.util.concurrent.ForkJoinWorkerThread.run(ForkJoinWorkerThread.java:165) [?:?]
[08:25:50] [Render thread/INFO] (Minecraft) Reloading ResourceManager: Default, HurricaneEyeDemo.zip
[08:25:51] [Realms Notification Availability checker #1/INFO] (Minecraft) Could not authorize you against Realms server: Invalid session id
[08:25:52] [Render thread/WARN] (Minecraft) Missing sound for event: minecraft:item.goat_horn.play
[08:25:52] [Render thread/WARN] (Minecraft) Missing sound for event: minecraft:entity.goat.screaming.horn_break
[08:25:52] [Render thread/INFO] (Minecraft) OpenAL initialized on device OpenAL Soft on Speakers (Realtek(R) Audio)
[08:25:52] [Render thread/INFO] (Minecraft) Sound engine started
[08:25:52] [Render thread/INFO] (Minecraft) Created: 1024x1024x4 minecraft:textures/atlas/blocks.png-atlas
[08:25:53] [Render thread/INFO] (Minecraft) Created: 256x128x4 minecraft:textures/atlas/signs.png-atlas
[08:25:53] [Render thread/INFO] (Minecraft) Created: 1024x512x4 minecraft:textures/atlas/banner_patterns.png-atlas
[08:25:53] [Render thread/INFO] (Minecraft) Created: 1024x512x4 minecraft:textures/atlas/shield_patterns.png-atlas
[08:25:53] [Render thread/INFO] (Minecraft) Created: 256x256x4 minecraft:textures/atlas/chest.png-atlas
[08:25:53] [Render thread/INFO] (Minecraft) Created: 512x256x4 minecraft:textures/atlas/beds.png-atlas
[08:25:53] [Render thread/INFO] (Minecraft) Created: 512x256x4 minecraft:textures/atlas/shulker_boxes.png-atlas
[08:25:54] [Render thread/WARN] (Minecraft) Shader rendertype_entity_translucent_emissive could not find sampler named Sampler2 in the specified shader program.
[08:25:54] [Render thread/INFO] (Minecraft) Created: 512x256x0 minecraft:textures/atlas/particles.png-atlas
[08:25:54] [Render thread/INFO] (Minecraft) Created: 256x256x0 minecraft:textures/atlas/paintings.png-atlas
[08:25:54] [Render thread/INFO] (Minecraft) Created: 256x128x0 minecraft:textures/atlas/mob_effects.png-atlas
[08:25:58] [Render thread/INFO] (Minecraft) Loaded 7 recipes
[08:25:59] [Render thread/INFO] (Minecraft) Loaded 1179 advancements
[08:25:59] [Server thread/INFO] (Minecraft) Starting integrated minecraft server version 1.19
[08:25:59] [Server thread/INFO] (Minecraft) Generating keypair
[08:25:59] [Server thread/INFO] (Minecraft) Preparing start region for dimension minecraft:overworld
[08:26:01] [Render thread/INFO] (Minecraft) Preparing spawn area: 0%
[08:26:01] [Render thread/INFO] (Minecraft) Preparing spawn area: 0%
[08:26:01] [Render thread/INFO] (Minecraft) Preparing spawn area: 0%
[08:26:01] [Render thread/INFO] (Minecraft) Preparing spawn area: 0%
[08:26:01] [Render thread/INFO] (Minecraft) Preparing spawn area: 31%
[08:26:02] [Render thread/INFO] (Minecraft) Time elapsed: 2302 ms
[08:26:02] [Server thread/INFO] (Minecraft) Changing view distance to 12, from 10
[08:26:02] [Server thread/INFO] (Minecraft) Changing simulation distance to 12, from 0
[08:26:02] [Server thread/INFO] (Minecraft) Player197[local:E:3f8a233b] logged in with entity id 83 at (10.93834573651172, -36.88186403450352, -3.8021837880050464)
[08:26:03] [Server thread/INFO] (Minecraft) Player197 joined the game
[08:26:03] [Render thread/INFO] (Minecraft) Loaded 0 advancements
[08:26:05] [Server thread/INFO] (Minecraft) Saving and pausing game...
[08:26:05] [Server thread/INFO] (Minecraft) Saving chunks for level 'ServerLevel[New World]'/minecraft:overworld
[08:26:05] [Server thread/INFO] (Minecraft) Saving chunks for level 'ServerLevel[New World]'/minecraft:the_end
[08:26:05] [Server thread/INFO] (Minecraft) Saving chunks for level 'ServerLevel[New World]'/minecraft:the_nether
[08:26:20] [Server thread/INFO] (Minecraft) Saving and pausing game...
[08:26:20] [Server thread/INFO] (Minecraft) Saving chunks for level 'ServerLevel[New World]'/minecraft:overworld
[08:26:20] [Server thread/INFO] (Minecraft) Saving chunks for level 'ServerLevel[New World]'/minecraft:the_end
[08:26:20] [Server thread/INFO] (Minecraft) Saving chunks for level 'ServerLevel[New World]'/minecraft:the_nether
