[Architectury Transformer] Architectury Runtime 5.2.67
[Architectury Transformer DEBUG] Closing File Systems for C:\Users\fisha\Documents\MCProjects\archcelestial1.19WithFabricApi\common\build\devlibs\celestial-1.0-dev.jar
[Architectury Transformer DEBUG] Preparing tiny remapper prepared transformer: dev.architectury.transformer.handler.TinyRemapperPreparedTransformerHandler
[Architectury Transformer DEBUG] Provided 102 classpath jar(s):
[Architectury Transformer DEBUG]  - C:\Users\fisha\.gradle\caches\modules-2\files-2.1\dev.architectury\architectury-injectables\1.0.10\62db2a366d662606d1b23ad02ccc3212ed37ec3\architectury-injectables-1.0.10.jar
[Architectury Transformer DEBUG]  - C:\Users\fisha\.gradle\caches\modules-2\files-2.1\net.fabricmc\fabric-loader\0.14.9\8582c6e659a90e4306d6012234c02a825141c9ef\fabric-loader-0.14.9.jar
[Architectury Transformer DEBUG]  - C:\Users\fisha\.gradle\caches\modules-2\files-2.1\org.jetbrains\annotations\23.0.0\8cc20c07506ec18e0834947b84a864bfc094484e\annotations-23.0.0.jar
[Architectury Transformer DEBUG]  - C:\Users\fisha\.gradle\caches\modules-2\files-2.1\net.fabricmc\tiny-mappings-parser\0.3.0+build.17\2f10540a290e382a7cd35c16ec3900046a4e252\tiny-mappings-parser-0.3.0+build.17.jar
[Architectury Transformer DEBUG]  - C:\Users\fisha\.gradle\caches\modules-2\files-2.1\net.fabricmc\sponge-mixin\0.11.4+mixin.0.8.5\c1dc27696aa4006e492c2485c9ccbcb26045a971\sponge-mixin-0.11.4+mixin.0.8.5.jar
[Architectury Transformer DEBUG]  - C:\Users\fisha\.gradle\caches\modules-2\files-2.1\net.fabricmc\tiny-remapper\0.8.2\2cc6565989469ec38893bfb7802b31c0d0d11ea0\tiny-remapper-0.8.2.jar
[Architectury Transformer DEBUG]  - C:\Users\fisha\.gradle\caches\modules-2\files-2.1\net.fabricmc\access-widener\2.1.0\f62a27adbfd8ab4d4fa5681793039f2c0b177155\access-widener-2.1.0.jar
[Architectury Transformer DEBUG]  - C:\Users\fisha\.gradle\caches\modules-2\files-2.1\org.ow2.asm\asm\9.3\8e6300ef51c1d801a7ed62d07cd221aca3a90640\asm-9.3.jar
[Architectury Transformer DEBUG]  - C:\Users\fisha\.gradle\caches\modules-2\files-2.1\org.ow2.asm\asm-analysis\9.3\4b071f211b37c38e0e9f5998550197c8593f6ad8\asm-analysis-9.3.jar
[Architectury Transformer DEBUG]  - C:\Users\fisha\.gradle\caches\modules-2\files-2.1\org.ow2.asm\asm-commons\9.3\1f2a432d1212f5c352ae607d7b61dcae20c20af5\asm-commons-9.3.jar
[Architectury Transformer DEBUG]  - C:\Users\fisha\.gradle\caches\modules-2\files-2.1\org.ow2.asm\asm-tree\9.3\78d2ecd61318b5a58cd04fb237636c0e86b77d97\asm-tree-9.3.jar
[Architectury Transformer DEBUG]  - C:\Users\fisha\.gradle\caches\modules-2\files-2.1\org.ow2.asm\asm-util\9.3\9595bc05510d0bd4b610188b77333fe4851a1975\asm-util-9.3.jar
[Architectury Transformer DEBUG]  - C:\Users\fisha\.gradle\caches\modules-2\files-2.1\com.mojang\patchy\2.2.10\da05971b07cbb379d002cf7eaec6a2048211fefc\patchy-2.2.10.jar
[Architectury Transformer DEBUG]  - C:\Users\fisha\.gradle\caches\modules-2\files-2.1\com.mojang\blocklist\1.0.10\5c685c5ffa94c4cd39496c7184c1d122e515ecef\blocklist-1.0.10.jar
[Architectury Transformer DEBUG]  - C:\Users\fisha\.gradle\caches\modules-2\files-2.1\com.ibm.icu\icu4j\70.1\dfa3a1fbc55bf5db8c6e79fc0935ac7ab1202950\icu4j-70.1.jar
[Architectury Transformer DEBUG]  - C:\Users\fisha\.gradle\caches\modules-2\files-2.1\io.netty\netty-handler\4.1.77.Final\47a81089de03635a27f509f3e4e13386ae1db275\netty-handler-4.1.77.Final.jar
[Architectury Transformer DEBUG]  - C:\Users\fisha\.gradle\caches\modules-2\files-2.1\io.netty\netty-codec\4.1.77.Final\4efc5f59335301d6ba0d7cd31dd10651119b03c8\netty-codec-4.1.77.Final.jar
[Architectury Transformer DEBUG]  - C:\Users\fisha\.gradle\caches\modules-2\files-2.1\io.netty\netty-transport-native-epoll\4.1.77.Final\8d10e9e138dac52172dd83229bdc89197100c723\netty-transport-native-epoll-4.1.77.Final-linux-x86_64.jar
[Architectury Transformer DEBUG]  - C:\Users\fisha\.gradle\caches\modules-2\files-2.1\io.netty\netty-transport-native-epoll\4.1.77.Final\5f051599ced83e119ddeda891f471c0613721e5c\netty-transport-native-epoll-4.1.77.Final-linux-aarch_64.jar
[Architectury Transformer DEBUG]  - C:\Users\fisha\.gradle\caches\modules-2\files-2.1\io.netty\netty-transport-classes-epoll\4.1.77.Final\dd70dbccbcf98382223a59044f3c08d8e9920cad\netty-transport-classes-epoll-4.1.77.Final.jar
[Architectury Transformer DEBUG]  - C:\Users\fisha\.gradle\caches\modules-2\files-2.1\io.netty\netty-transport-native-unix-common\4.1.77.Final\c95d53486414b3270d08057957c5da8e0c37e4eb\netty-transport-native-unix-common-4.1.77.Final.jar
[Architectury Transformer DEBUG]  - C:\Users\fisha\.gradle\caches\modules-2\files-2.1\io.netty\netty-transport\4.1.77.Final\2a3373bbd20d520c821f210bd5ee886788512043\netty-transport-4.1.77.Final.jar
[Architectury Transformer DEBUG]  - C:\Users\fisha\.gradle\caches\modules-2\files-2.1\io.netty\netty-buffer\4.1.77.Final\d97571f99e5e739d86824d0df99f35d295276b5f\netty-buffer-4.1.77.Final.jar
[Architectury Transformer DEBUG]  - C:\Users\fisha\.gradle\caches\modules-2\files-2.1\io.netty\netty-resolver\4.1.77.Final\4a239dbf8d8bb5f98aa51462c35011c0516395fd\netty-resolver-4.1.77.Final.jar
[Architectury Transformer DEBUG]  - C:\Users\fisha\.gradle\caches\modules-2\files-2.1\io.netty\netty-common\4.1.77.Final\ea0fc20f4e6178966b9d62017b7fcb83dfe0e713\netty-common-4.1.77.Final.jar
[Architectury Transformer DEBUG]  - C:\Users\fisha\.gradle\caches\modules-2\files-2.1\org.apache.httpcomponents\httpclient\4.5.13\e5f6cae5ca7ecaac1ec2827a9e2d65ae2869cada\httpclient-4.5.13.jar
[Architectury Transformer DEBUG]  - C:\Users\fisha\.gradle\caches\modules-2\files-2.1\commons-codec\commons-codec\1.15\49d94806b6e3dc933dacbd8acb0fdbab8ebd1e5d\commons-codec-1.15.jar
[Architectury Transformer DEBUG]  - C:\Users\fisha\.gradle\caches\modules-2\files-2.1\org.apache.commons\commons-compress\1.21\4ec95b60d4e86b5c95a0e919cb172a0af98011ef\commons-compress-1.21.jar
[Architectury Transformer DEBUG]  - C:\Users\fisha\.gradle\caches\modules-2\files-2.1\commons-logging\commons-logging\1.2\4bfc12adfe4842bf07b657f0369c4cb522955686\commons-logging-1.2.jar
[Architectury Transformer DEBUG]  - C:\Users\fisha\.gradle\caches\modules-2\files-2.1\org.apache.httpcomponents\httpcore\4.4.14\9dd1a631c082d92ecd4bd8fd4cf55026c720a8c1\httpcore-4.4.14.jar
[Architectury Transformer DEBUG]  - C:\Users\fisha\.gradle\caches\modules-2\files-2.1\org.lwjgl\lwjgl-jemalloc\3.3.1\a817bcf213db49f710603677457567c37d53e103\lwjgl-jemalloc-3.3.1.jar
[Architectury Transformer DEBUG]  - C:\Users\fisha\.gradle\caches\modules-2\files-2.1\org.lwjgl\lwjgl-jemalloc\3.3.1\948a89b76a16aa324b046ae9308891216ffce5f9\lwjgl-jemalloc-3.3.1-natives-windows.jar
[Architectury Transformer DEBUG]  - C:\Users\fisha\.gradle\caches\modules-2\files-2.1\org.lwjgl\lwjgl-jemalloc\3.3.1\fb476c8ec110e1c137ad3ce8a7f7bfe6b11c6324\lwjgl-jemalloc-3.3.1-natives-windows-x86.jar
[Architectury Transformer DEBUG]  - C:\Users\fisha\.gradle\caches\modules-2\files-2.1\org.lwjgl\lwjgl-jemalloc\3.3.1\33dbb017b6ed6b25f993ad9d56741a49e7937718\lwjgl-jemalloc-3.3.1-natives-linux.jar
[Architectury Transformer DEBUG]  - C:\Users\fisha\.gradle\caches\modules-2\files-2.1\org.lwjgl\lwjgl-jemalloc\3.3.1\56424dc8db3cfb8e7b594aa6d59a4f4387b7f544\lwjgl-jemalloc-3.3.1-natives-macos.jar
[Architectury Transformer DEBUG]  - C:\Users\fisha\.gradle\caches\modules-2\files-2.1\org.lwjgl\lwjgl-jemalloc\3.3.1\e577b87d8ad2ade361aaea2fcf226c660b15dee8\lwjgl-jemalloc-3.3.1-natives-macos-arm64.jar
[Architectury Transformer DEBUG]  - C:\Users\fisha\.gradle\caches\modules-2\files-2.1\org.lwjgl\lwjgl-openal\3.3.1\2623a6b8ae1dfcd880738656a9f0243d2e6840bd\lwjgl-openal-3.3.1.jar
[Architectury Transformer DEBUG]  - C:\Users\fisha\.gradle\caches\modules-2\files-2.1\org.lwjgl\lwjgl-openal\3.3.1\30a474d0e57193d7bc128849a3ab66bc9316fdb1\lwjgl-openal-3.3.1-natives-windows.jar
[Architectury Transformer DEBUG]  - C:\Users\fisha\.gradle\caches\modules-2\files-2.1\org.lwjgl\lwjgl-openal\3.3.1\888349f7b1be6fbae58bf8edfb9ef12def04c4e3\lwjgl-openal-3.3.1-natives-windows-x86.jar
[Architectury Transformer DEBUG]  - C:\Users\fisha\.gradle\caches\modules-2\files-2.1\org.lwjgl\lwjgl-openal\3.3.1\f906b6439f6daa66001182ea7727e3467a93681b\lwjgl-openal-3.3.1-natives-linux.jar
[Architectury Transformer DEBUG]  - C:\Users\fisha\.gradle\caches\modules-2\files-2.1\org.lwjgl\lwjgl-openal\3.3.1\3a57b8911835fb58b5e558d0ca0d28157e263d45\lwjgl-openal-3.3.1-natives-macos.jar
[Architectury Transformer DEBUG]  - C:\Users\fisha\.gradle\caches\modules-2\files-2.1\org.lwjgl\lwjgl-openal\3.3.1\23d55e7490b57495320f6c9e1936d78fd72c4ef8\lwjgl-openal-3.3.1-natives-macos-arm64.jar
[Architectury Transformer DEBUG]  - C:\Users\fisha\.gradle\caches\modules-2\files-2.1\org.lwjgl\lwjgl-opengl\3.3.1\831a5533a21a5f4f81bbc51bb13e9899319b5411\lwjgl-opengl-3.3.1.jar
[Architectury Transformer DEBUG]  - C:\Users\fisha\.gradle\caches\modules-2\files-2.1\org.lwjgl\lwjgl-opengl\3.3.1\c1807e9bd571402787d7e37e3029776ae2513bb8\lwjgl-opengl-3.3.1-natives-windows.jar
[Architectury Transformer DEBUG]  - C:\Users\fisha\.gradle\caches\modules-2\files-2.1\org.lwjgl\lwjgl-opengl\3.3.1\deef3eb9b178ff2ff3ce893cc72ae741c3a17974\lwjgl-opengl-3.3.1-natives-windows-x86.jar
[Architectury Transformer DEBUG]  - C:\Users\fisha\.gradle\caches\modules-2\files-2.1\org.lwjgl\lwjgl-opengl\3.3.1\ab9ab6fde3743e3550fa5d46d785ecb45b047d99\lwjgl-opengl-3.3.1-natives-linux.jar
[Architectury Transformer DEBUG]  - C:\Users\fisha\.gradle\caches\modules-2\files-2.1\org.lwjgl\lwjgl-opengl\3.3.1\a0d12697ea019a7362eff26475b0531340e876a6\lwjgl-opengl-3.3.1-natives-macos.jar
[Architectury Transformer DEBUG]  - C:\Users\fisha\.gradle\caches\modules-2\files-2.1\org.lwjgl\lwjgl-opengl\3.3.1\eafe34b871d966292e8db0f1f3d6b8b110d4e91d\lwjgl-opengl-3.3.1-natives-macos-arm64.jar
[Architectury Transformer DEBUG]  - C:\Users\fisha\.gradle\caches\modules-2\files-2.1\org.lwjgl\lwjgl-glfw\3.3.1\cbac1b8d30cb4795149c1ef540f912671a8616d0\lwjgl-glfw-3.3.1.jar
[Architectury Transformer DEBUG]  - C:\Users\fisha\.gradle\caches\modules-2\files-2.1\org.lwjgl\lwjgl-glfw\3.3.1\ed892f945cf7e79c8756796f32d00fa4ceaf573b\lwjgl-glfw-3.3.1-natives-windows.jar
[Architectury Transformer DEBUG]  - C:\Users\fisha\.gradle\caches\modules-2\files-2.1\org.lwjgl\lwjgl-glfw\3.3.1\b997e3391d6ce8f05487e7335d95c606043884a1\lwjgl-glfw-3.3.1-natives-windows-x86.jar
[Architectury Transformer DEBUG]  - C:\Users\fisha\.gradle\caches\modules-2\files-2.1\org.lwjgl\lwjgl-glfw\3.3.1\81716978214ecbda15050ca394b06ef61501a49e\lwjgl-glfw-3.3.1-natives-linux.jar
[Architectury Transformer DEBUG]  - C:\Users\fisha\.gradle\caches\modules-2\files-2.1\org.lwjgl\lwjgl-glfw\3.3.1\9ec4ce1fc8c85fdef03ef4ff2aace6f5775fb280\lwjgl-glfw-3.3.1-natives-macos.jar
[Architectury Transformer DEBUG]  - C:\Users\fisha\.gradle\caches\modules-2\files-2.1\org.lwjgl\lwjgl-glfw\3.3.1\cac0d3f712a3da7641fa174735a5f315de7ffe0a\lwjgl-glfw-3.3.1-natives-macos-arm64.jar
[Architectury Transformer DEBUG]  - C:\Users\fisha\.gradle\caches\modules-2\files-2.1\org.lwjgl\lwjgl-stb\3.3.1\b119297cf8ed01f247abe8685857f8e7fcf5980f\lwjgl-stb-3.3.1.jar
[Architectury Transformer DEBUG]  - C:\Users\fisha\.gradle\caches\modules-2\files-2.1\org.lwjgl\lwjgl-stb\3.3.1\86315914ac119efdb02dc9e8e978ade84f1702af\lwjgl-stb-3.3.1-natives-windows.jar
[Architectury Transformer DEBUG]  - C:\Users\fisha\.gradle\caches\modules-2\files-2.1\org.lwjgl\lwjgl-stb\3.3.1\a8d41f419eecb430b7c91ea2ce2c5c451cae2091\lwjgl-stb-3.3.1-natives-windows-x86.jar
[Architectury Transformer DEBUG]  - C:\Users\fisha\.gradle\caches\modules-2\files-2.1\org.lwjgl\lwjgl-stb\3.3.1\3ee7aec8686e52867677110415566a5342a80230\lwjgl-stb-3.3.1-natives-linux.jar
[Architectury Transformer DEBUG]  - C:\Users\fisha\.gradle\caches\modules-2\files-2.1\org.lwjgl\lwjgl-stb\3.3.1\def8879b8d38a47a4cc1d48b1f9a7b772e51258e\lwjgl-stb-3.3.1-natives-macos.jar
[Architectury Transformer DEBUG]  - C:\Users\fisha\.gradle\caches\modules-2\files-2.1\org.lwjgl\lwjgl-stb\3.3.1\fcf073ed911752abdca5f0b00a53cfdf17ff8e8b\lwjgl-stb-3.3.1-natives-macos-arm64.jar
[Architectury Transformer DEBUG]  - C:\Users\fisha\.gradle\caches\modules-2\files-2.1\org.lwjgl\lwjgl-tinyfd\3.3.1\ff1914111ef2e3e0110ef2dabc8d8cdaad82347\lwjgl-tinyfd-3.3.1.jar
[Architectury Transformer DEBUG]  - C:\Users\fisha\.gradle\caches\modules-2\files-2.1\org.lwjgl\lwjgl-tinyfd\3.3.1\a5d830475ec0958d9fdba1559efa99aef211e6ff\lwjgl-tinyfd-3.3.1-natives-windows.jar
[Architectury Transformer DEBUG]  - C:\Users\fisha\.gradle\caches\modules-2\files-2.1\org.lwjgl\lwjgl-tinyfd\3.3.1\842eedd876fae354abc308c98a263f6bbc9e8a4d\lwjgl-tinyfd-3.3.1-natives-windows-x86.jar
[Architectury Transformer DEBUG]  - C:\Users\fisha\.gradle\caches\modules-2\files-2.1\org.lwjgl\lwjgl-tinyfd\3.3.1\a35110b9471bea8cde826ab297550ee8c22f5035\lwjgl-tinyfd-3.3.1-natives-linux.jar
[Architectury Transformer DEBUG]  - C:\Users\fisha\.gradle\caches\modules-2\files-2.1\org.lwjgl\lwjgl-tinyfd\3.3.1\78641a0fa5e9afa714adfdd152c357930c97a1ce\lwjgl-tinyfd-3.3.1-natives-macos.jar
[Architectury Transformer DEBUG]  - C:\Users\fisha\.gradle\caches\modules-2\files-2.1\org.lwjgl\lwjgl-tinyfd\3.3.1\972ecc17bad3571e81162153077b4d47b7b9eaa9\lwjgl-tinyfd-3.3.1-natives-macos-arm64.jar
[Architectury Transformer DEBUG]  - C:\Users\fisha\.gradle\caches\modules-2\files-2.1\org.lwjgl\lwjgl\3.3.1\ae58664f88e18a9bb2c77b063833ca7aaec484cb\lwjgl-3.3.1.jar
[Architectury Transformer DEBUG]  - C:\Users\fisha\.gradle\caches\modules-2\files-2.1\org.lwjgl\lwjgl\3.3.1\36c37f16ab611b3aa11f3bcf80b1d509b4ce6b\lwjgl-3.3.1-natives-windows.jar
[Architectury Transformer DEBUG]  - C:\Users\fisha\.gradle\caches\modules-2\files-2.1\org.lwjgl\lwjgl\3.3.1\3b14f4beae9dd39791ec9e12190a9380cd8a3ce6\lwjgl-3.3.1-natives-windows-x86.jar
[Architectury Transformer DEBUG]  - C:\Users\fisha\.gradle\caches\modules-2\files-2.1\org.lwjgl\lwjgl\3.3.1\1de885aba434f934201b99f2f1afb142036ac189\lwjgl-3.3.1-natives-linux.jar
[Architectury Transformer DEBUG]  - C:\Users\fisha\.gradle\caches\modules-2\files-2.1\org.lwjgl\lwjgl\3.3.1\fc6bb723dec2cd031557dccb2a95f0ab80acb9db\lwjgl-3.3.1-natives-macos.jar
[Architectury Transformer DEBUG]  - C:\Users\fisha\.gradle\caches\modules-2\files-2.1\org.lwjgl\lwjgl\3.3.1\71d0d5e469c9c95351eb949064497e3391616ac9\lwjgl-3.3.1-natives-macos-arm64.jar
[Architectury Transformer DEBUG]  - C:\Users\fisha\.gradle\caches\modules-2\files-2.1\com.mojang\text2speech\1.13.9\5f4e3a6ef86cb021f7ca87ca192cddb50c26eb59\text2speech-1.13.9.jar
[Architectury Transformer DEBUG]  - C:\Users\fisha\.gradle\caches\modules-2\files-2.1\com.mojang\text2speech\1.13.9\7a90898b29e5c72f90ba6ebe86fa78a6afd7d3eb\text2speech-1.13.9-natives-windows.jar
[Architectury Transformer DEBUG]  - C:\Users\fisha\.gradle\caches\modules-2\files-2.1\com.mojang\text2speech\1.13.9\6c63ecb3b6408dcfdde6440c9ee62c060542af33\text2speech-1.13.9-natives-linux.jar
[Architectury Transformer DEBUG]  - C:\Users\fisha\.gradle\caches\modules-2\files-2.1\ca.weblite\java-objc-bridge\1.1\1227f9e0666314f9de41477e3ec277e542ed7f7b\java-objc-bridge-1.1.jar
[Architectury Transformer DEBUG]  - C:\Users\fisha\.gradle\caches\fabric-loom\1.19\loom.mappings.1_19.layered+hash.40359-v2\minecraft-merged-named.jar
[Architectury Transformer DEBUG]  - C:\Users\fisha\.gradle\caches\modules-2\files-2.1\com.mojang\logging\1.0.0\f6ca3b2eee0b80b384e8ed93d368faecb82dfb9b\logging-1.0.0.jar
[Architectury Transformer DEBUG]  - C:\Users\fisha\.gradle\caches\modules-2\files-2.1\com.github.oshi\oshi-core\5.8.5\1d0ec654d820741327f5a9229d513732a4b7ce50\oshi-core-5.8.5.jar
[Architectury Transformer DEBUG]  - C:\Users\fisha\.gradle\caches\modules-2\files-2.1\net.java.dev.jna\jna-platform\5.10.0\fbed7d9669dba47714ad0d4f4454290a997aee69\jna-platform-5.10.0.jar
[Architectury Transformer DEBUG]  - C:\Users\fisha\.gradle\caches\modules-2\files-2.1\net.java.dev.jna\jna\5.10.0\7cf4c87dd802db50721db66947aa237d7ad09418\jna-5.10.0.jar
[Architectury Transformer DEBUG]  - C:\Users\fisha\.gradle\caches\modules-2\files-2.1\org.apache.logging.log4j\log4j-slf4j18-impl\2.17.0\bd7f6c0b9224dd214afb4e684957e2349b529a8d\log4j-slf4j18-impl-2.17.0.jar
[Architectury Transformer DEBUG]  - C:\Users\fisha\.gradle\caches\modules-2\files-2.1\com.mojang\datafixerupper\5.0.28\e2157e236e529aff80a5fc3ccb506e56d46b130b\datafixerupper-5.0.28.jar
[Architectury Transformer DEBUG]  - C:\Users\fisha\.gradle\caches\modules-2\files-2.1\com.mojang\authlib\3.5.41\9e05cb6a5f3504235a190ad11ea8981b2cbb901e\authlib-3.5.41.jar
[Architectury Transformer DEBUG]  - C:\Users\fisha\.gradle\caches\modules-2\files-2.1\org.slf4j\slf4j-api\1.8.0-beta4\83b0359d847ee053d745be7ec0d8e9e8a44304b4\slf4j-api-1.8.0-beta4.jar
[Architectury Transformer DEBUG]  - C:\Users\fisha\.gradle\caches\modules-2\files-2.1\com.mojang\javabridge\1.2.24\c876796229b2ef5120f186eab5acc870699d3b9\javabridge-1.2.24.jar
[Architectury Transformer DEBUG]  - C:\Users\fisha\.gradle\caches\modules-2\files-2.1\net.sf.jopt-simple\jopt-simple\5.0.4\4fdac2fbe92dfad86aa6e9301736f6b4342a3f5c\jopt-simple-5.0.4.jar
[Architectury Transformer DEBUG]  - C:\Users\fisha\.gradle\caches\modules-2\files-2.1\com.google.guava\guava\31.0.1-jre\119ea2b2bc205b138974d351777b20f02b92704b\guava-31.0.1-jre.jar
[Architectury Transformer DEBUG]  - C:\Users\fisha\.gradle\caches\modules-2\files-2.1\com.google.guava\failureaccess\1.0.1\1dcf1de382a0bf95a3d8b0849546c88bac1292c9\failureaccess-1.0.1.jar
[Architectury Transformer DEBUG]  - C:\Users\fisha\.gradle\caches\modules-2\files-2.1\org.apache.commons\commons-lang3\3.12.0\c6842c86792ff03b9f1d1fe2aab8dc23aa6c6f0e\commons-lang3-3.12.0.jar
[Architectury Transformer DEBUG]  - C:\Users\fisha\.gradle\caches\modules-2\files-2.1\commons-io\commons-io\2.11.0\a2503f302b11ebde7ebc3df41daebe0e4eea3689\commons-io-2.11.0.jar
[Architectury Transformer DEBUG]  - C:\Users\fisha\.gradle\caches\modules-2\files-2.1\com.mojang\brigadier\1.0.18\c1ef1234282716483c92183f49bef47b1a89bfa9\brigadier-1.0.18.jar
[Architectury Transformer DEBUG]  - C:\Users\fisha\.gradle\caches\modules-2\files-2.1\com.google.code.gson\gson\2.8.9\8a432c1d6825781e21a02db2e2c33c5fde2833b9\gson-2.8.9.jar
[Architectury Transformer DEBUG]  - C:\Users\fisha\.gradle\caches\modules-2\files-2.1\it.unimi.dsi\fastutil\8.5.6\76f95700418a68fbc4ac050525261f05dc681ca1\fastutil-8.5.6.jar
[Architectury Transformer DEBUG]  - C:\Users\fisha\.gradle\caches\modules-2\files-2.1\org.apache.logging.log4j\log4j-core\2.17.0\fe6e7a32c1228884b9691a744f953a55d0dd8ead\log4j-core-2.17.0.jar
[Architectury Transformer DEBUG]  - C:\Users\fisha\.gradle\caches\modules-2\files-2.1\org.apache.logging.log4j\log4j-api\2.17.0\bbd791e9c8c9421e45337c4fe0a10851c086e36c\log4j-api-2.17.0.jar
[Architectury Transformer DEBUG]  - C:\Users\fisha\Documents\MCProjects\archcelestial1.19WithFabricApi\.gradle\loom-cache\remapped_mods\loom_mappings_1_19_layered_hash_40359_v2\net\fabricmc\fabric-loader\0.14.9\fabric-loader-0.14.9.jar
[Architectury Transformer DEBUG]  - C:\Users\fisha\.gradle\caches\modules-2\files-2.1\com.google.guava\listenablefuture\9999.0-empty-to-avoid-conflict-with-guava\b421526c5f297295adef1c886e5246c39d4ac629\listenablefuture-9999.0-empty-to-avoid-conflict-with-guava.jar
[Architectury Transformer DEBUG]  - C:\Users\fisha\.gradle\caches\modules-2\files-2.1\com.google.code.findbugs\jsr305\3.0.2\25ea2e8b0c338a877313bd4672d3fe056ea78f0d\jsr305-3.0.2.jar
[Architectury Transformer DEBUG]  - C:\Users\fisha\.gradle\caches\modules-2\files-2.1\org.checkerframework\checker-qual\3.12.0\d5692f0526415fcc6de94bb5bfbd3afd9dd3b3e5\checker-qual-3.12.0.jar
[Architectury Transformer DEBUG]  - C:\Users\fisha\.gradle\caches\modules-2\files-2.1\com.google.errorprone\error_prone_annotations\2.7.1\458d9042f7aa6fa9a634df902b37f544e15aacac\error_prone_annotations-2.7.1.jar
[Architectury Transformer DEBUG]  - C:\Users\fisha\.gradle\caches\modules-2\files-2.1\com.google.j2objc\j2objc-annotations\1.3\ba035118bc8bac37d7eff77700720999acd9986d\j2objc-annotations-1.3.jar
[Architectury Transformer] Read classpath in 926.6 ms
[Architectury Transformer DEBUG] Closing File Systems for C:\Users\fisha\Documents\MCProjects\archcelestial1.19WithFabricApi\common\build\devlibs\celestial-1.0-dev.jar
[Architectury Transformer DEBUG] Transforming 5 transformer(s) from C:\Users\fisha\Documents\MCProjects\archcelestial1.19WithFabricApi\common\build\devlibs\celestial-1.0-dev.jar to C:\Users\fisha\AppData\Local\Temp\3654933101770023014.jar: 
[Architectury Transformer DEBUG]  - dev.architectury.transformer.transformers.RuntimeMixinRefmapDetector@71623278
[Architectury Transformer DEBUG]  - dev.architectury.transformer.transformers.GenerateFakeFabricMod@768b970c
[Architectury Transformer DEBUG]  - dev.architectury.transformer.transformers.TransformExpectPlatform@5a4041cc
[Architectury Transformer DEBUG]  - dev.architectury.transformer.transformers.RemapInjectables@15b3e5b
[Architectury Transformer DEBUG]  - dev.architectury.transformer.transformers.TransformPlatformOnly@61ca2dfa
[Architectury Transformer DEBUG] Transforming from C:\Users\fisha\Documents\MCProjects\archcelestial1.19WithFabricApi\common\build\devlibs\celestial-1.0-dev.jar to C:\Users\fisha\AppData\Local\Temp\3654933101770023014.jar with 5 transformer(s) on dev.architectury.transformer.handler.SimpleTransformerHandler
[Architectury Transformer DEBUG] Remapping with 1 mapping provider(s):
[Architectury Transformer DEBUG]  - dev.architectury.transformer.transformers.RemapInjectables$$Lambda$110/0x0000000800c298a8@80169cf
[Architectury Transformer DEBUG] Remapping Classes:
[Architectury Transformer DEBUG] dev/architectury/injectables/targets/ArchitecturyTarget -> architectury_inject_archcelestial119WithFabricApi_fabric_5853e82623d04f21847ba1bb0058ca23_71a7ca36b40d2e50736d10ba43761e669daccd37957c2dc9b18d6350367ecb36celestial10devjar/PlatformMethods
[Architectury Transformer DEBUG] Found class transformer
[Architectury Transformer DEBUG] Checking whether /celestial-common-refmap.json is a mixin config.
[Architectury Transformer DEBUG] Checking whether /celestial.mixins.json is a mixin config.
[Architectury Transformer DEBUG] Checking whether /fabric.mod.json is a mixin config.
[Architectury Transformer DEBUG] Closing File Systems for C:\Users\fisha\AppData\Local\Temp\3654933101770023014.jar
[Architectury Transformer] Listening at C:\Users\fisha\Documents\MCProjects\archcelestial1.19WithFabricApi\common\build\devlibs\celestial-1.0-dev.jar
[Architectury Transformer DEBUG] Transforming from fishcute/celestial/CelestialClient.class to fishcute/celestial/CelestialClient.class with 5 transformer(s) on dev.architectury.transformer.handler.TinyRemapperPreparedTransformerHandler
[Architectury Transformer DEBUG] Remapping with 1 mapping provider(s):
[Architectury Transformer DEBUG]  - dev.architectury.transformer.transformers.RemapInjectables$$Lambda$110/0x0000000800c298a8@567b5001
[Architectury Transformer DEBUG] Remapping with Dirty Mappings...
[Architectury Transformer DEBUG] Remapping Classes:
[Architectury Transformer DEBUG] dev/architectury/injectables/targets/ArchitecturyTarget -> architectury_inject_archcelestial119WithFabricApi_fabric_5853e82623d04f21847ba1bb0058ca23_71a7ca36b40d2e50736d10ba43761e669daccd37957c2dc9b18d6350367ecb36celestial10devjar/PlatformMethods
[Architectury Transformer DEBUG] Found class transformer
[Architectury Transformer DEBUG] Transformed fishcute/celestial/CelestialClient in 414.8 ms
[Architectury Transformer DEBUG] Transforming from fishcute/celestial/sky/CelestialSky.class to fishcute/celestial/sky/CelestialSky.class with 5 transformer(s) on dev.architectury.transformer.handler.TinyRemapperPreparedTransformerHandler
[Architectury Transformer DEBUG] Remapping with 1 mapping provider(s):
[Architectury Transformer DEBUG]  - dev.architectury.transformer.transformers.RemapInjectables$$Lambda$110/0x0000000800c298a8@6b8d674c
[Architectury Transformer DEBUG] Remapping with Dirty Mappings...
[Architectury Transformer DEBUG] Remapping Classes:
[Architectury Transformer DEBUG] dev/architectury/injectables/targets/ArchitecturyTarget -> architectury_inject_archcelestial119WithFabricApi_fabric_5853e82623d04f21847ba1bb0058ca23_71a7ca36b40d2e50736d10ba43761e669daccd37957c2dc9b18d6350367ecb36celestial10devjar/PlatformMethods
[Architectury Transformer DEBUG] Found class transformer
[Architectury Transformer DEBUG] Transformed fishcute/celestial/sky/CelestialSky in 224.0 ms
[Architectury Transformer DEBUG] Transforming from fishcute/celestial/util/Util.class to fishcute/celestial/util/Util.class with 5 transformer(s) on dev.architectury.transformer.handler.TinyRemapperPreparedTransformerHandler
[Architectury Transformer DEBUG] Remapping with 1 mapping provider(s):
[Architectury Transformer DEBUG]  - dev.architectury.transformer.transformers.RemapInjectables$$Lambda$110/0x0000000800c298a8@31a888ca
[Architectury Transformer DEBUG] Remapping with Dirty Mappings...
[Architectury Transformer DEBUG] Remapping Classes:
[Architectury Transformer DEBUG] dev/architectury/injectables/targets/ArchitecturyTarget -> architectury_inject_archcelestial119WithFabricApi_fabric_5853e82623d04f21847ba1bb0058ca23_71a7ca36b40d2e50736d10ba43761e669daccd37957c2dc9b18d6350367ecb36celestial10devjar/PlatformMethods
[Architectury Transformer DEBUG] Found class transformer
[Architectury Transformer DEBUG] Transformed fishcute/celestial/util/Util in 227.6 ms
[Architectury Transformer DEBUG] Transforming from fishcute/celestial/util/ClientTick.class to fishcute/celestial/util/ClientTick.class with 5 transformer(s) on dev.architectury.transformer.handler.TinyRemapperPreparedTransformerHandler
[Architectury Transformer DEBUG] Remapping with 1 mapping provider(s):
[Architectury Transformer DEBUG]  - dev.architectury.transformer.transformers.RemapInjectables$$Lambda$110/0x0000000800c298a8@6864c023
[Architectury Transformer DEBUG] Remapping with Dirty Mappings...
[Architectury Transformer DEBUG] Remapping Classes:
[Architectury Transformer DEBUG] dev/architectury/injectables/targets/ArchitecturyTarget -> architectury_inject_archcelestial119WithFabricApi_fabric_5853e82623d04f21847ba1bb0058ca23_71a7ca36b40d2e50736d10ba43761e669daccd37957c2dc9b18d6350367ecb36celestial10devjar/PlatformMethods
[Architectury Transformer DEBUG] Found class transformer
[Architectury Transformer DEBUG] Transformed fishcute/celestial/util/ClientTick in 46.70 ms
[Architectury Transformer DEBUG] Transforming from fishcute/celestial/sky/CelestialObject.class to fishcute/celestial/sky/CelestialObject.class with 5 transformer(s) on dev.architectury.transformer.handler.TinyRemapperPreparedTransformerHandler
[Architectury Transformer DEBUG] Remapping with 1 mapping provider(s):
[Architectury Transformer DEBUG]  - dev.architectury.transformer.transformers.RemapInjectables$$Lambda$110/0x0000000800c298a8@38b9e8a1
[Architectury Transformer DEBUG] Remapping with Dirty Mappings...
[Architectury Transformer DEBUG] Remapping Classes:
[Architectury Transformer DEBUG] dev/architectury/injectables/targets/ArchitecturyTarget -> architectury_inject_archcelestial119WithFabricApi_fabric_5853e82623d04f21847ba1bb0058ca23_71a7ca36b40d2e50736d10ba43761e669daccd37957c2dc9b18d6350367ecb36celestial10devjar/PlatformMethods
[Architectury Transformer DEBUG] Found class transformer
[Architectury Transformer DEBUG] Transformed fishcute/celestial/sky/CelestialObject in 48.82 ms
[Architectury Transformer DEBUG] Transforming from fishcute/celestial/sky/CelestialObjectProperties.class to fishcute/celestial/sky/CelestialObjectProperties.class with 5 transformer(s) on dev.architectury.transformer.handler.TinyRemapperPreparedTransformerHandler
[Architectury Transformer DEBUG] Remapping with 1 mapping provider(s):
[Architectury Transformer DEBUG]  - dev.architectury.transformer.transformers.RemapInjectables$$Lambda$110/0x0000000800c298a8@132ae660
[Architectury Transformer DEBUG] Remapping with Dirty Mappings...
[Architectury Transformer DEBUG] Remapping Classes:
[Architectury Transformer DEBUG] dev/architectury/injectables/targets/ArchitecturyTarget -> architectury_inject_archcelestial119WithFabricApi_fabric_5853e82623d04f21847ba1bb0058ca23_71a7ca36b40d2e50736d10ba43761e669daccd37957c2dc9b18d6350367ecb36celestial10devjar/PlatformMethods
[Architectury Transformer DEBUG] Found class transformer
[Architectury Transformer DEBUG] Transformed fishcute/celestial/sky/CelestialObjectProperties in 48.68 ms
[Architectury Transformer DEBUG] Transforming from fishcute/celestial/sky/CelestialPopulateProperties.class to fishcute/celestial/sky/CelestialPopulateProperties.class with 5 transformer(s) on dev.architectury.transformer.handler.TinyRemapperPreparedTransformerHandler
[Architectury Transformer DEBUG] Remapping with 1 mapping provider(s):
[Architectury Transformer DEBUG]  - dev.architectury.transformer.transformers.RemapInjectables$$Lambda$110/0x0000000800c298a8@42c8df06
[Architectury Transformer DEBUG] Remapping with Dirty Mappings...
[Architectury Transformer DEBUG] Remapping Classes:
[Architectury Transformer DEBUG] dev/architectury/injectables/targets/ArchitecturyTarget -> architectury_inject_archcelestial119WithFabricApi_fabric_5853e82623d04f21847ba1bb0058ca23_71a7ca36b40d2e50736d10ba43761e669daccd37957c2dc9b18d6350367ecb36celestial10devjar/PlatformMethods
[Architectury Transformer DEBUG] Found class transformer
[Architectury Transformer DEBUG] Transformed fishcute/celestial/sky/CelestialPopulateProperties in 48.26 ms
[Architectury Transformer DEBUG] Transforming from fishcute/celestial/sky/CelestialRenderInfo.class to fishcute/celestial/sky/CelestialRenderInfo.class with 5 transformer(s) on dev.architectury.transformer.handler.TinyRemapperPreparedTransformerHandler
[Architectury Transformer DEBUG] Remapping with 1 mapping provider(s):
[Architectury Transformer DEBUG]  - dev.architectury.transformer.transformers.RemapInjectables$$Lambda$110/0x0000000800c298a8@4c228648
[Architectury Transformer DEBUG] Remapping with Dirty Mappings...
[Architectury Transformer DEBUG] Remapping Classes:
[Architectury Transformer DEBUG] dev/architectury/injectables/targets/ArchitecturyTarget -> architectury_inject_archcelestial119WithFabricApi_fabric_5853e82623d04f21847ba1bb0058ca23_71a7ca36b40d2e50736d10ba43761e669daccd37957c2dc9b18d6350367ecb36celestial10devjar/PlatformMethods
[Architectury Transformer DEBUG] Found class transformer
[Architectury Transformer DEBUG] Transformed fishcute/celestial/sky/CelestialRenderInfo in 46.16 ms
[Architectury Transformer DEBUG] Transforming from fishcute/celestial/sky/CelestialStarRenderInfo.class to fishcute/celestial/sky/CelestialStarRenderInfo.class with 5 transformer(s) on dev.architectury.transformer.handler.TinyRemapperPreparedTransformerHandler
[Architectury Transformer DEBUG] Remapping with 1 mapping provider(s):
[Architectury Transformer DEBUG]  - dev.architectury.transformer.transformers.RemapInjectables$$Lambda$110/0x0000000800c298a8@492273bf
[Architectury Transformer DEBUG] Remapping with Dirty Mappings...
[Architectury Transformer DEBUG] Remapping Classes:
[Architectury Transformer DEBUG] dev/architectury/injectables/targets/ArchitecturyTarget -> architectury_inject_archcelestial119WithFabricApi_fabric_5853e82623d04f21847ba1bb0058ca23_71a7ca36b40d2e50736d10ba43761e669daccd37957c2dc9b18d6350367ecb36celestial10devjar/PlatformMethods
[Architectury Transformer DEBUG] Found class transformer
[Architectury Transformer DEBUG] Transformed fishcute/celestial/sky/CelestialStarRenderInfo in 42.65 ms
[Architectury Transformer DEBUG] Transforming from fishcute/celestial/sky/CelestialEnvironmentRenderInfo.class to fishcute/celestial/sky/CelestialEnvironmentRenderInfo.class with 5 transformer(s) on dev.architectury.transformer.handler.TinyRemapperPreparedTransformerHandler
[Architectury Transformer DEBUG] Remapping with 1 mapping provider(s):
[Architectury Transformer DEBUG]  - dev.architectury.transformer.transformers.RemapInjectables$$Lambda$110/0x0000000800c298a8@745f8cdc
[Architectury Transformer DEBUG] Remapping with Dirty Mappings...
[Architectury Transformer DEBUG] Remapping Classes:
[Architectury Transformer DEBUG] dev/architectury/injectables/targets/ArchitecturyTarget -> architectury_inject_archcelestial119WithFabricApi_fabric_5853e82623d04f21847ba1bb0058ca23_71a7ca36b40d2e50736d10ba43761e669daccd37957c2dc9b18d6350367ecb36celestial10devjar/PlatformMethods
[Architectury Transformer DEBUG] Found class transformer
[Architectury Transformer DEBUG] Transformed fishcute/celestial/sky/CelestialEnvironmentRenderInfo in 47.42 ms
[Architectury Transformer DEBUG] Transforming from fishcute/celestial/sky/CelestialRenderInfo$RenderType.class to fishcute/celestial/sky/CelestialRenderInfo$RenderType.class with 5 transformer(s) on dev.architectury.transformer.handler.TinyRemapperPreparedTransformerHandler
[Architectury Transformer DEBUG] Remapping with 1 mapping provider(s):
[Architectury Transformer DEBUG]  - dev.architectury.transformer.transformers.RemapInjectables$$Lambda$110/0x0000000800c298a8@2448a6e9
[Architectury Transformer DEBUG] Remapping with Dirty Mappings...
[Architectury Transformer DEBUG] Remapping Classes:
[Architectury Transformer DEBUG] dev/architectury/injectables/targets/ArchitecturyTarget -> architectury_inject_archcelestial119WithFabricApi_fabric_5853e82623d04f21847ba1bb0058ca23_71a7ca36b40d2e50736d10ba43761e669daccd37957c2dc9b18d6350367ecb36celestial10devjar/PlatformMethods
[Architectury Transformer DEBUG] Found class transformer
[Architectury Transformer DEBUG] Transformed fishcute/celestial/sky/CelestialRenderInfo$RenderType in 44.46 ms
[Architectury Transformer DEBUG] Transforming from fishcute/celestial/util/Util$1.class to fishcute/celestial/util/Util$1.class with 5 transformer(s) on dev.architectury.transformer.handler.TinyRemapperPreparedTransformerHandler
[Architectury Transformer DEBUG] Remapping with 1 mapping provider(s):
[Architectury Transformer DEBUG]  - dev.architectury.transformer.transformers.RemapInjectables$$Lambda$110/0x0000000800c298a8@20da7b01
[Architectury Transformer DEBUG] Remapping with Dirty Mappings...
[Architectury Transformer DEBUG] Remapping Classes:
[Architectury Transformer DEBUG] dev/architectury/injectables/targets/ArchitecturyTarget -> architectury_inject_archcelestial119WithFabricApi_fabric_5853e82623d04f21847ba1bb0058ca23_71a7ca36b40d2e50736d10ba43761e669daccd37957c2dc9b18d6350367ecb36celestial10devjar/PlatformMethods
[Architectury Transformer DEBUG] Found class transformer
[Architectury Transformer DEBUG] Transformed fishcute/celestial/util/Util$1 in 34.00 ms
